This file contains any messages produced by compilers while
running configure, to aid debugging if configure makes a mistake.

It was created by vol2bird configure 0.1, which was
generated by GNU Autoconf 2.69.  Invocation command line was

  $ ./configure --with-confuse=/opt/local

## --------- ##
## Platform. ##
## --------- ##

hostname = MacAdriaan
uname -m = x86_64
uname -r = 14.5.0
uname -s = Darwin
uname -v = Darwin Kernel Version 14.5.0: Thu Jun 16 19:58:21 PDT 2016; root:xnu-2782.50.4~1/RELEASE_X86_64

/usr/bin/uname -p = i386
/bin/uname -X     = unknown

/bin/arch              = unknown
/usr/bin/arch -k       = unknown
/usr/convex/getsysinfo = unknown
/usr/bin/hostinfo      = Mach kernel version:
	 Darwin Kernel Version 14.5.0: Thu Jun 16 19:58:21 PDT 2016; root:xnu-2782.50.4~1/RELEASE_X86_64
Kernel configured for up to 4 processors.
2 processors are physically available.
4 processors are logically available.
Processor type: i486 (Intel 80486)
Processors active: 0 1 2 3
Primary memory available: 8.00 gigabytes
Default processor set: 242 tasks, 1042 threads, 4 processors
Load average: 1.96, Mach factor: 2.06
/bin/machine           = unknown
/usr/bin/oslevel       = unknown
/bin/universe          = unknown

PATH: /opt/local/bin
PATH: /opt/local/sbin
PATH: /opt/local/bin
PATH: /opt/local/sbin
PATH: /opt/local/bin
PATH: /opt/local/sbin
PATH: /usr/local/bin
PATH: /usr/bin
PATH: /bin
PATH: /usr/sbin
PATH: /sbin
PATH: /opt/X11/bin
PATH: /Users/adriaan/bin
PATH: /Users/adriaan/FortranExecutables
PATH: /Users/adriaan/git/vol2bird/lib


## ----------- ##
## Core tests. ##
## ----------- ##

configure:2096: checking for gcc
configure:2112: found /usr/bin/gcc
configure:2123: result: gcc
configure:2352: checking for C compiler version
configure:2361: gcc --version >&5
Apple LLVM version 7.0.2 (clang-700.1.81)
Target: x86_64-apple-darwin14.5.0
Thread model: posix
Configured with: --prefix=/Applications/Xcode.app/Contents/Developer/usr --with-gxx-include-dir=/usr/include/c++/4.2.1
configure:2372: $? = 0
configure:2361: gcc -v >&5
Configured with: --prefix=/Applications/Xcode.app/Contents/Developer/usr --with-gxx-include-dir=/usr/include/c++/4.2.1
Apple LLVM version 7.0.2 (clang-700.1.81)
Target: x86_64-apple-darwin14.5.0
Thread model: posix
configure:2372: $? = 0
configure:2361: gcc -V >&5
clang: error: argument to '-V' is missing (expected 1 value)
clang: error: no input files
configure:2372: $? = 1
configure:2361: gcc -qversion >&5
clang: error: unknown argument: '-qversion'
clang: error: no input files
configure:2372: $? = 1
configure:2392: checking whether the C compiler works
configure:2414: gcc    conftest.c  >&5
configure:2418: $? = 0
configure:2466: result: yes
configure:2469: checking for C compiler default output file name
configure:2471: result: a.out
configure:2477: checking for suffix of executables
configure:2484: gcc -o conftest    conftest.c  >&5
configure:2488: $? = 0
configure:2510: result: 
configure:2532: checking whether we are cross compiling
configure:2540: gcc -o conftest    conftest.c  >&5
configure:2544: $? = 0
configure:2551: ./conftest
configure:2555: $? = 0
configure:2570: result: no
configure:2575: checking for suffix of object files
configure:2597: gcc -c   conftest.c >&5
configure:2601: $? = 0
configure:2622: result: o
configure:2626: checking whether we are using the GNU C compiler
configure:2645: gcc -c   conftest.c >&5
configure:2645: $? = 0
configure:2654: result: yes
configure:2663: checking whether gcc accepts -g
configure:2683: gcc -c -g  conftest.c >&5
configure:2683: $? = 0
configure:2724: result: yes
configure:2741: checking for gcc option to accept ISO C89
configure:2804: gcc  -c -g -O2  conftest.c >&5
configure:2804: $? = 0
configure:2817: result: none needed
configure:3329: checking confuse.h usability
configure:3329: gcc -c -g -O2  -I/opt/local/include conftest.c >&5
configure:3329: $? = 0
configure:3329: result: yes
configure:3329: checking confuse.h presence
configure:3329:   -I/opt/local/include conftest.c
./configure: line 1458: -I/opt/local/include: No such file or directory
configure:3329: $? = 127
configure: failed program was:
| /* confdefs.h */
| #define PACKAGE_NAME "vol2bird"
| #define PACKAGE_TARNAME "vol2bird"
| #define PACKAGE_VERSION "0.1"
| #define PACKAGE_STRING "vol2bird 0.1"
| #define PACKAGE_BUGREPORT ""
| #define PACKAGE_URL ""
| /* end confdefs.h.  */
| #include <confuse.h>
configure:3329: result: no
configure:3329: WARNING: confuse.h: accepted by the compiler, rejected by the preprocessor!
configure:3329: WARNING: confuse.h: proceeding with the compiler's result
configure:3329: checking for confuse.h
configure:3329: result: yes
configure:3362: checking for cfg_init in -lconfuse
configure:3387: gcc -o conftest -g -O2  -I/opt/local/include  -L/opt/local/lib conftest.c -lconfuse  -lm >&5
configure:3387: $? = 0
configure:3396: result: yes
configure:3480: checking for RAVE installation
configure:3497: result: found
configure:3508: checking existance of RAVE build configuration
configure:3513: result: found
configure:3524: checking for RAVE cc compiler
configure:3527: result: 		/usr/bin/clang
configure:3530: checking for RAVE cc options
configure:3533: result: -DNDEBUG -g -fwrapv -O3 -Wall -Wstrict-prototypes
configure:3536: checking for cpp options
configure:3539: result: -DNDEBUG -g -fwrapv -O3 -Wall 
configure:3542: checking for RAVE ld flags
configure:3545: result: -L/opt/local/lib -Wl,-headerpad_max_install_names -L/opt/local/lib/db48 
configure:3548: checking for RAVE shared flag
configure:3551: result: 
configure:3554: checking for Python include flag
configure:3557: result: 
configure:3560: checking for numpy include flag
configure:3563: result: 
configure:3566: checking for proj include flag used by RAVE
configure:3569: result: -I/opt/local/lib/proj47/include
configure:3572: checking for proj library flag used by RAVE
configure:3575: result: -I/opt/local/lib/proj47/include
configure:3578: checking for expat include flag used by RAVE
configure:3581: result: 
configure:3584: checking for expat library flag used by RAVE
configure:3587: result: 
configure:3590: checking if expat is supressed
configure:3593: result: yes
configure:3596: checking for hlhdf include flag used by RAVE
configure:3599: result: -I/opt/baltrad/HLHDF//include
configure:3602: checking for hlhdf library flag used by RAVE
configure:3605: result: -L/opt/baltrad/HLHDF//lib
configure:3608: checking for hlhdf config file
configure:3611: result: /opt/baltrad/HLHDF//mkf/hldef.mk
configure:3614: checking for hlhdf ld shared
configure:3617: result: /usr/bin/clang -dynamiclib -undefined dynamic_lookup -L/opt/local/lib -Wl,-headerpad_max_install_names -L/opt/local/lib/db48 
configure:3620: checking for g++ ld shared options
configure:3623: result:  -dynamiclib -undefined dynamic_lookup -L/opt/local/lib -Wl,-headerpad_max_install_names -L/opt/local/lib/db48
configure:3627: checking for hdf5 software used by hlhdf
configure:3630: result: -L/opt/local/lib
configure:3633: checking for zlib software used by hlhdf
configure:3636: result: 
configure:3639: checking for szlib software used by hlhdf
configure:3642: result: 
configure:3849: creating ./config.status

## ---------------------- ##
## Running config.status. ##
## ---------------------- ##

This file was extended by vol2bird config.status 0.1, which was
generated by GNU Autoconf 2.69.  Invocation command line was

  CONFIG_FILES    = 
  CONFIG_HEADERS  = 
  CONFIG_LINKS    = 
  CONFIG_COMMANDS = 
  $ ./config.status 

on MacAdriaan

config.status:742: creating def.mk

## ---------------- ##
## Cache variables. ##
## ---------------- ##

ac_cv_c_compiler_gnu=yes
ac_cv_env_CC_set=
ac_cv_env_CC_value=
ac_cv_env_CFLAGS_set=
ac_cv_env_CFLAGS_value=
ac_cv_env_CPPFLAGS_set=
ac_cv_env_CPPFLAGS_value=
ac_cv_env_CPP_set=
ac_cv_env_CPP_value=
ac_cv_env_LDFLAGS_set=
ac_cv_env_LDFLAGS_value=
ac_cv_env_LIBS_set=
ac_cv_env_LIBS_value=
ac_cv_env_build_alias_set=
ac_cv_env_build_alias_value=
ac_cv_env_host_alias_set=
ac_cv_env_host_alias_value=
ac_cv_env_target_alias_set=
ac_cv_env_target_alias_value=
ac_cv_header_confuse_h=yes
ac_cv_lib_confuse_cfg_init=yes
ac_cv_objext=o
ac_cv_prog_ac_ct_CC=gcc
ac_cv_prog_cc_c89=
ac_cv_prog_cc_g=yes

## ----------------- ##
## Output variables. ##
## ----------------- ##

CC='gcc'
CFLAGS='-g -O2'
CONFUSE_INCLUDE_FLAG='-I/opt/local/include'
CONFUSE_LIBRARY_FLAG='-L/opt/local/lib'
CPP=''
CPPFLAGS=' -I/opt/local/include'
DEFS='-DPACKAGE_NAME=\"vol2bird\" -DPACKAGE_TARNAME=\"vol2bird\" -DPACKAGE_VERSION=\"0.1\" -DPACKAGE_STRING=\"vol2bird\ 0.1\" -DPACKAGE_BUGREPORT=\"\" -DPACKAGE_URL=\"\" -DHAVE_CONFUSE_H=1'
ECHO_C='\c'
ECHO_N=''
ECHO_T=''
EGREP=''
EXEEXT=''
EXPAT_INCLUDE_FLAG=''
EXPAT_LIBRARY_FLAG=''
EXPAT_SUPPRESSED='yes'
GREP=''
HLHDFLDSHARED='/usr/bin/clang -dynamiclib -undefined dynamic_lookup -L/opt/local/lib -Wl,-headerpad_max_install_names -L/opt/local/lib/db48 '
HLHDF_INCLUDE_FLAG='-I/opt/baltrad/HLHDF//include'
HLHDF_LIBRARY_FLAG='-L/opt/baltrad/HLHDF//lib'
LDFLAGS=' -L/opt/local/lib'
LD_PRINTOUT='/opt/baltrad/vol2bird/lib:/opt/baltrad/rave/lib:/opt/baltrad/HLHDF//lib:/opt/local/lib'
LIBOBJS=''
LIBS='-lm'
LTLIBOBJS=''
NUMPY_INCLUDE_FLAG='-I/opt/local/Library/Frameworks/Python.framework/Versions/2.7/lib/python2.7/site-packages/numpy/core/include/numpy'
OBJEXT='o'
PACKAGE_BUGREPORT=''
PACKAGE_NAME='vol2bird'
PACKAGE_STRING='vol2bird 0.1'
PACKAGE_TARNAME='vol2bird'
PACKAGE_URL=''
PACKAGE_VERSION='0.1'
PATH_SEPARATOR=':'
PROJ_INCLUDE_FLAG='-I/opt/local/lib/proj47/include'
PROJ_LIBRARY_FLAG='-L/opt/local/lib/proj47/lib'
PYTHON_INCLUDE_FLAG='-I/opt/local/Library/Frameworks/Python.framework/Versions/2.7/include/python2.7'
RAVECC='		/usr/bin/clang'
RAVECCOPTS='-DNDEBUG -g -fwrapv -O3 -Wall -Wstrict-prototypes'
RAVECCSHARED=''
RAVELDFLAGS='-L/opt/local/lib -Wl,-headerpad_max_install_names -L/opt/local/lib/db48 '
RAVE_INCLUDE_FLAG='-I/opt/baltrad/rave/include'
RAVE_LIB_FLAG='-L/opt/baltrad/rave/lib'
RAVE_ROOT_DIR='/opt/baltrad/rave'
SHELL='/bin/sh'
ac_ct_CC='gcc'
bindir='${exec_prefix}/bin'
build_alias=''
datadir='${datarootdir}'
datarootdir='${prefix}/share'
docdir='${datarootdir}/doc/${PACKAGE_TARNAME}'
dvidir='${docdir}'
exec_prefix='${prefix}'
host_alias=''
htmldir='${docdir}'
includedir='${prefix}/include'
infodir='${datarootdir}/info'
libdir='${exec_prefix}/lib'
libexecdir='${exec_prefix}/libexec'
localedir='${datarootdir}/locale'
localstatedir='/opt/baltrad/vol2bird/var'
mandir='${datarootdir}/man'
oldincludedir='/usr/include'
pdfdir='${docdir}'
prefix='/opt/baltrad/vol2bird'
program_transform_name='s,x,x,'
psdir='${docdir}'
sbindir='${exec_prefix}/sbin'
sharedstatedir='${prefix}/com'
sysconfdir='${prefix}/etc'
target_alias=''

## ----------- ##
## confdefs.h. ##
## ----------- ##

/* confdefs.h */
#define PACKAGE_NAME "vol2bird"
#define PACKAGE_TARNAME "vol2bird"
#define PACKAGE_VERSION "0.1"
#define PACKAGE_STRING "vol2bird 0.1"
#define PACKAGE_BUGREPORT ""
#define PACKAGE_URL ""
#define HAVE_CONFUSE_H 1

configure: exit 0
